Building DAG of jobs...
Using shell: /usr/bin/bash
Provided cores: 1 (use --cores to define parallelism)
Rules claiming more threads will be scaled down.
Job stats:
job                  count
-----------------  -------
run_morphometrics        1
total                    1

Select jobs to execute...

[Wed Nov  1 20:25:38 2023]
rule run_morphometrics:
    input: demo_data/limeseg_output
    output: demo_data/demo_morphometrics.csv
    jobid: 0
    reason: Missing output files: demo_data/demo_morphometrics.csv
    resources: tmpdir=/tmp

RuleException in rule run_morphometrics in file /mnt/c/Users/shil5659/OneDrive - Nexus365/Documents/GitHub/Limeseg_cell_analysis/Snakefile, line 13:
NameError: The name 'limeseg_folder' is unknown in this context. Please make sure that you defined that variable. Also note that braces not used for variable access have to be escaped by repeating them, i.e. {{print $1}}, when formatting the following:
scripts/run_morphometrics.py {limeseg_folder} {morphometrics_output}
