Building DAG of jobs...
Using shell: /usr/bin/bash
Provided cores: 1 (use --cores to define parallelism)
Rules claiming more threads will be scaled down.
Job stats:
job               count
--------------  -------
voxelize_cells        1
total                 1

Select jobs to execute...

[Wed Nov  1 20:11:18 2023]
rule voxelize_cells:
    input: demo_data/microscopy_data.tif, demo_data/limeseg_output
    output: demo_data/demo_label_image.tif
    jobid: 0
    reason: Missing output files: demo_data/demo_label_image.tif
    resources: tmpdir=/tmp

[Wed Nov  1 20:11:22 2023]
Error in rule voxelize_cells:
    jobid: 0
    input: demo_data/microscopy_data.tif, demo_data/limeseg_output
    output: demo_data/demo_label_image.tif

RuleException:
CalledProcessError in file /mnt/c/Users/shil5659/OneDrive - Nexus365/Documents/GitHub/Limeseg_cell_analysis/Snakefile, line 9:
Command 'set -euo pipefail;  /home/shannon/anaconda3/envs/napari-env/bin/python3.8 '/mnt/c/Users/shil5659/OneDrive - Nexus365/Documents/GitHub/Limeseg_cell_analysis/.snakemake/scripts/tmpnce4qmv7.voxelize_cell.py'' returned non-zero exit status 1.
  File "/mnt/c/Users/shil5659/OneDrive - Nexus365/Documents/GitHub/Limeseg_cell_analysis/Snakefile", line 9, in __rule_voxelize_cells
  File "/home/shannon/anaconda3/envs/napari-env/lib/python3.8/concurrent/futures/thread.py", line 57, in run
Shutting down, this might take some time.
Exiting because a job execution failed. Look above for error message
Complete log: .snakemake/log/2023-11-01T201118.796900.snakemake.log
