Building DAG of jobs...
Using shell: /usr/bin/bash
Provided cores: 1 (use --cores to define parallelism)
Rules claiming more threads will be scaled down.
Job stats:
job               count
--------------  -------
voxelize_cells        1
total                 1

Select jobs to execute...

[Wed Nov  1 20:33:43 2023]
rule voxelize_cells:
    input: demo_data/microscopy_data.tif, demo_data/limeseg_output
    output: demo_data/demo_label_image.tif.npz
    jobid: 0
    reason: Missing output files: demo_data/demo_label_image.tif.npz
    resources: tmpdir=/tmp

[Wed Nov  1 20:33:47 2023]
Finished job 0.
1 of 1 steps (100%) done
Complete log: .snakemake/log/2023-11-01T203343.438714.snakemake.log
