Building DAG of jobs...
Using shell: /usr/bin/bash
Provided cores: 1 (use --cores to define parallelism)
Rules claiming more threads will be scaled down.
Job stats:
job               count
--------------  -------
voxelize_cells        1
total                 1

Select jobs to execute...

[Wed Nov  1 20:28:42 2023]
rule voxelize_cells:
    input: demo_data/microscopy_data.tif, demo_data/limeseg_output
    output: demo_data/demo_label_image.tif.npz
    jobid: 0
    reason: Missing output files: demo_data/demo_label_image.tif.npz
    resources: tmpdir=/tmp

[Wed Nov  1 20:28:44 2023]
Error in rule voxelize_cells:
    jobid: 0
    input: demo_data/microscopy_data.tif, demo_data/limeseg_output
    output: demo_data/demo_label_image.tif.npz
    shell:
        python scripts/voxelize_cell.py demo_data/demo_label_image.tif.npz demo_data/microscopy_data.tif demo_data/limeseg_outputpython scripts/generate_label_image.py demo_data/demo_label_image.tif.npz demo_data/microscopy_data.tif demo_data/limeseg_output
        (one of the commands exited with non-zero exit code; note that snakemake uses bash strict mode!)

Shutting down, this might take some time.
Exiting because a job execution failed. Look above for error message
Complete log: .snakemake/log/2023-11-01T202841.836817.snakemake.log
