Building DAG of jobs...
Using shell: /usr/bin/bash
Provided cores: 1 (use --cores to define parallelism)
Rules claiming more threads will be scaled down.
Job stats:
job                  count
-----------------  -------
run_morphometrics        1
total                    1

Select jobs to execute...

[Wed Nov  1 20:26:31 2023]
rule run_morphometrics:
    input: demo_data/limeseg_output
    output: demo_data/demo_morphometrics.csv
    jobid: 0
    reason: Missing output files: demo_data/demo_morphometrics.csv
    resources: tmpdir=/tmp

[Wed Nov  1 20:26:34 2023]
Error in rule run_morphometrics:
    jobid: 0
    input: demo_data/limeseg_output
    output: demo_data/demo_morphometrics.csv
    shell:
        scripts/run_morphometrics.py demo_data/limeseg_output demo_data/demo_morphometrics.csv
        (one of the commands exited with non-zero exit code; note that snakemake uses bash strict mode!)

Shutting down, this might take some time.
Exiting because a job execution failed. Look above for error message
Complete log: .snakemake/log/2023-11-01T202631.682524.snakemake.log
