Building DAG of jobs...
Using shell: /usr/bin/bash
Provided cores: 1 (use --cores to define parallelism)
Rules claiming more threads will be scaled down.
Job stats:
job                  count
-----------------  -------
all                      1
run_morphometrics        1
total                    2

Select jobs to execute...

[Wed Nov  1 21:02:00 2023]
rule run_morphometrics:
    input: demo_data/limeseg_output
    output: demo_data/demo_morphometrics.csv
    jobid: 1
    reason: Missing output files: demo_data/demo_morphometrics.csv
    resources: tmpdir=/tmp

[Wed Nov  1 21:02:05 2023]
Finished job 1.
1 of 2 steps (50%) done
Select jobs to execute...

[Wed Nov  1 21:02:05 2023]
localrule all:
    input: demo_data/demo_morphometrics.csv
    jobid: 0
    reason: Input files updated by another job: demo_data/demo_morphometrics.csv
    resources: tmpdir=/tmp

[Wed Nov  1 21:02:05 2023]
Finished job 0.
2 of 2 steps (100%) done
Complete log: .snakemake/log/2023-11-01T210200.339056.snakemake.log
